#
# There is insufficient memory for the Java Runtime Environment to continue.
# Native memory allocation (mmap) failed to map 132120576 bytes for G1 virtual space
# Possible reasons:
#   The system is out of physical RAM or swap space
#   The process is running with CompressedOops enabled, and the Java Heap may be blocking the growth of the native heap
# Possible solutions:
#   Reduce memory load on the system
#   Increase physical memory or swap space
#   Check if swap backing store is full
#   Decrease Java heap size (-Xmx/-Xms)
#   Decrease number of Java threads
#   Decrease Java thread stack sizes (-Xss)
#   Set larger code cache with -XX:ReservedCodeCacheSize=
#   JVM is running with Unscaled Compressed Oops mode in which the Java heap is
#     placed in the first 4GB address space. The Java Heap base address is the
#     maximum limit for the native heap growth. Please use -XX:HeapBaseMinAddress
#     to set the Java Heap base and to place the Java Heap above 4GB virtual address.
# This output file may be truncated or incomplete.
#
#  Out of Memory Error (./open/src/hotspot/os/windows/os_windows.cpp:3472), pid=29488, tid=30532
#
# JRE version:  (15.0.1+9) (build )
# Java VM: OpenJDK 64-Bit Server VM (15.0.1+9-18, mixed mode, sharing, tiered, compressed oops, g1 gc, windows-amd64)
# No core dump will be written. Minidumps are not enabled by default on client versions of Windows
#

---------------  S U M M A R Y ------------

Command Line: -Dfile.encoding=MS950 -XX:+ShowCodeDetailsInExceptionMessages Main

Host: Intel(R) Core(TM) i5-8250U CPU @ 1.60GHz, 8 cores, 7G,  Windows 10 , 64 bit Build 19041 (10.0.19041.804)
Time: Sun Mar 28 16:14:06 2021 台北標準時間 elapsed time: 0.020796 seconds (0d 0h 0m 0s)

---------------  T H R E A D  ---------------

Current thread (0x00000210d9553610):  JavaThread "Unknown thread" [_thread_in_vm, id=30532, stack(0x0000004d91700000,0x0000004d91800000)]

Stack: [0x0000004d91700000,0x0000004d91800000]
Native frames: (J=compiled Java code, j=interpreted, Vv=VM code, C=native code)
V  [jvm.dll+0x62ae9a]
V  [jvm.dll+0x781389]
V  [jvm.dll+0x782ae3]
V  [jvm.dll+0x783143]
V  [jvm.dll+0x216265]
V  [jvm.dll+0x6281d9]
V  [jvm.dll+0x61cd15]
V  [jvm.dll+0x2d01fd]
V  [jvm.dll+0x2d0062]
V  [jvm.dll+0x2d603c]
V  [jvm.dll+0x325b2a]
V  [jvm.dll+0x3251f4]
V  [jvm.dll+0x2a717a]
V  [jvm.dll+0x2a8318]
V  [jvm.dll+0x75e101]
V  [jvm.dll+0x3343e4]
V  [jvm.dll+0x73e826]
V  [jvm.dll+0x3b7777]
V  [jvm.dll+0x3b9201]
C  [jli.dll+0x52fb]
C  [ucrtbase.dll+0x21bb2]
C  [KERNEL32.DLL+0x17034]
C  [ntdll.dll+0x4d241]


---------------  P R O C E S S  ---------------

Threads class SMR info:
_java_thread_list=0x00007fff55834ff0, length=0, elements={
}

Java Threads: ( => current thread )

Other Threads:
  0x00000210d9590980 GCTaskThread "GC Thread#0" [stack: 0x0000004d91800000,0x0000004d91900000] [id=12632]
  0x00000210d95a1ec0 ConcurrentGCThread "G1 Main Marker" [stack: 0x0000004d91900000,0x0000004d91a00000] [id=30484]
  0x00000210d95a4a60 ConcurrentGCThread "G1 Conc#0" [stack: 0x0000004d91a00000,0x0000004d91b00000] [id=27476]

[error occurred during error reporting (printing all threads), id 0xc0000005, EXCEPTION_ACCESS_VIOLATION (0xc0000005) at pc=0x00007fff55028047]

VM state: not at safepoint (not fully initialized)

VM Mutex/Monitor currently owned by a thread:  ([mutex/lock_event])
[0x00000210d954e210] Heap_lock - owner thread: 0x00000210d9553610

Heap address: 0x0000000082200000, size: 2014 MB, Compressed Oops mode: 32-bit
CDS archive(s) mapped at: [0x0000000000000000-0x0000000000000000-0x0000000000000000), size 0, SharedBaseAddress: 0x0000000800000000, ArchiveRelocationMode: 0.
Narrow klass base: 0x0000000000000000, Narrow klass shift: 0, Narrow klass range: 0x0

Heap:
 garbage-first heap   total 129024K, used 0K [0x0000000082200000, 0x0000000100000000)
  region size 1024K, 0 young (0K), 0 survivors (0K)
 Metaspace       used 0K, capacity 0K, committed 0K, reserved 0K
  class space    used 0K, capacity 0K, committed 0K, reserved 0K

Heap Regions: E=young(eden), S=young(survivor), O=old, HS=humongous(starts), HC=humongous(continues), CS=collection set, F=free, OA=open archive, CA=closed archive, TAMS=top-at-mark-start (previous, next)

Card table byte_map: [0x00000210ec690000,0x00000210eca80000] _byte_map_base: 0x00000210ec27f000

Marking Bits (Prev, Next): (CMBitMap*) 0x00000210d9591100, (CMBitMap*) 0x00000210d9591140
 Prev Bits: [0x00000210ece70000, 0x00000210eede8000)
 Next Bits: [0x00000210eedf0000, 0x00000210f0d68000)

GC Heap History (0 events):
No events

Deoptimization events (0 events):
No events

Classes unloaded (0 events):
No events

Classes redefined (0 events):
No events

Internal exceptions (0 events):
No events

Events (1 events):
Event: 0.009 Loaded shared library C:\Users\zy360\.p2\pool\plugins\org.eclipse.justj.openjdk.hotspot.jre.full.win32.x86_64_15.0.1.v20201027-0507\jre\bin\java.dll


Dynamic libraries:
0x00007ff77af60000 - 0x00007ff77af6d000 	C:\Users\zy360\.p2\pool\plugins\org.eclipse.justj.openjdk.hotspot.jre.full.win32.x86_64_15.0.1.v20201027-0507\jre\bin\javaw.exe
0x00007fffb9970000 - 0x00007fffb9b66000 	C:\WINDOWS\SYSTEM32\ntdll.dll
0x00007fffb96f0000 - 0x00007fffb97ad000 	C:\WINDOWS\System32\KERNEL32.DLL
0x00007fffb72d0000 - 0x00007fffb7599000 	C:\WINDOWS\System32\KERNELBASE.dll
0x00007fffb75f0000 - 0x00007fffb76f0000 	C:\WINDOWS\System32\ucrtbase.dll
0x00007fffb3f90000 - 0x00007fffb3fa9000 	C:\Users\zy360\.p2\pool\plugins\org.eclipse.justj.openjdk.hotspot.jre.full.win32.x86_64_15.0.1.v20201027-0507\jre\bin\VCRUNTIME140.dll
0x00007fffb3f70000 - 0x00007fffb3f88000 	C:\Users\zy360\.p2\pool\plugins\org.eclipse.justj.openjdk.hotspot.jre.full.win32.x86_64_15.0.1.v20201027-0507\jre\bin\jli.dll
0x00007fffb8060000 - 0x00007fffb8200000 	C:\WINDOWS\System32\USER32.dll
0x00007fffb79a0000 - 0x00007fffb79c2000 	C:\WINDOWS\System32\win32u.dll
0x00007fffb7c50000 - 0x00007fffb7c7a000 	C:\WINDOWS\System32\GDI32.dll
0x00007fffabc30000 - 0x00007fffabecb000 	C:\WINDOWS\WinSxS\amd64_microsoft.windows.common-controls_6595b64144ccf1df_6.0.19041.746_none_ca02b4b61b8320a4\COMCTL32.dll
0x00007fffb70b0000 - 0x00007fffb71bb000 	C:\WINDOWS\System32\gdi32full.dll
0x00007fffb97b0000 - 0x00007fffb984e000 	C:\WINDOWS\System32\msvcrt.dll
0x00007fffb7900000 - 0x00007fffb799d000 	C:\WINDOWS\System32\msvcp_win.dll
0x00007fffb9620000 - 0x00007fffb9650000 	C:\WINDOWS\System32\IMM32.DLL
0x00007fffb27c0000 - 0x00007fffb27cc000 	C:\Users\zy360\.p2\pool\plugins\org.eclipse.justj.openjdk.hotspot.jre.full.win32.x86_64_15.0.1.v20201027-0507\jre\bin\vcruntime140_1.dll
0x00007fffa1b40000 - 0x00007fffa1bd1000 	C:\Users\zy360\.p2\pool\plugins\org.eclipse.justj.openjdk.hotspot.jre.full.win32.x86_64_15.0.1.v20201027-0507\jre\bin\msvcp140.dll
0x00007fff54d70000 - 0x00007fff558ce000 	C:\Users\zy360\.p2\pool\plugins\org.eclipse.justj.openjdk.hotspot.jre.full.win32.x86_64_15.0.1.v20201027-0507\jre\bin\server\jvm.dll
0x00007fffb8800000 - 0x00007fffb88ac000 	C:\WINDOWS\System32\ADVAPI32.dll
0x00007fffb7e90000 - 0x00007fffb7f2c000 	C:\WINDOWS\System32\sechost.dll
0x00007fffb79d0000 - 0x00007fffb7afb000 	C:\WINDOWS\System32\RPCRT4.dll
0x00007fffb96e0000 - 0x00007fffb96e8000 	C:\WINDOWS\System32\PSAPI.DLL
0x00007fffad3d0000 - 0x00007fffad3da000 	C:\WINDOWS\SYSTEM32\VERSION.dll
0x00007fffa5a90000 - 0x00007fffa5ab7000 	C:\WINDOWS\SYSTEM32\WINMM.dll
0x00007fffa3df0000 - 0x00007fffa3df9000 	C:\WINDOWS\SYSTEM32\WSOCK32.dll
0x00007fffb7be0000 - 0x00007fffb7c4b000 	C:\WINDOWS\System32\WS2_32.dll
0x00007fffb5980000 - 0x00007fffb5992000 	C:\WINDOWS\SYSTEM32\kernel.appcore.dll
0x00007fffb3f00000 - 0x00007fffb3f0a000 	C:\Users\zy360\.p2\pool\plugins\org.eclipse.justj.openjdk.hotspot.jre.full.win32.x86_64_15.0.1.v20201027-0507\jre\bin\jimage.dll
0x00007fffb4d80000 - 0x00007fffb4f64000 	C:\WINDOWS\SYSTEM32\DBGHELP.DLL
0x00007fffab950000 - 0x00007fffab97c000 	C:\WINDOWS\SYSTEM32\dbgcore.DLL
0x00007fffb7850000 - 0x00007fffb78d0000 	C:\WINDOWS\System32\bcryptPrimitives.dll
0x00007fffb3ed0000 - 0x00007fffb3ef5000 	C:\Users\zy360\.p2\pool\plugins\org.eclipse.justj.openjdk.hotspot.jre.full.win32.x86_64_15.0.1.v20201027-0507\jre\bin\java.dll

dbghelp: loaded successfully - version: 4.0.5 - missing functions: none
symbol engine: initialized successfully - sym options: 0x614 - pdb path: .;C:\Users\zy360\.p2\pool\plugins\org.eclipse.justj.openjdk.hotspot.jre.full.win32.x86_64_15.0.1.v20201027-0507\jre\bin;C:\WINDOWS\SYSTEM32;C:\WINDOWS\WinSxS\amd64_microsoft.windows.common-controls_6595b64144ccf1df_6.0.19041.746_none_ca02b4b61b8320a4;C:\Users\zy360\.p2\pool\plugins\org.eclipse.justj.openjdk.hotspot.jre.full.win32.x86_64_15.0.1.v20201027-0507\jre\bin\server

VM Arguments:
jvm_args: -Dfile.encoding=MS950 -XX:+ShowCodeDetailsInExceptionMessages 
java_command: Main
java_class_path (initial): C:\Users\zy360\Desktop\大學資料\進階Java\Project1\HW2-107403556\bin
Launcher Type: SUN_STANDARD

[Global flags]
     intx CICompilerCount                          = 4                                         {product} {ergonomic}
     uint ConcGCThreads                            = 2                                         {product} {ergonomic}
     uint G1ConcRefinementThreads                  = 8                                         {product} {ergonomic}
   size_t G1HeapRegionSize                         = 1048576                                   {product} {ergonomic}
    uintx GCDrainStackTargetSize                   = 64                                        {product} {ergonomic}
   size_t InitialHeapSize                          = 132120576                                 {product} {ergonomic}
   size_t MarkStackSize                            = 4194304                                   {product} {ergonomic}
   size_t MaxHeapSize                              = 2111832064                                {product} {ergonomic}
   size_t MinHeapDeltaBytes                        = 1048576                                   {product} {ergonomic}
   size_t MinHeapSize                              = 8388608                                   {product} {ergonomic}
    uintx NonNMethodCodeHeapSize                   = 5839372                                {pd product} {ergonomic}
    uintx NonProfiledCodeHeapSize                  = 122909434                              {pd product} {ergonomic}
    uintx ProfiledCodeHeapSize                     = 122909434                              {pd product} {ergonomic}
    uintx ReservedCodeCacheSize                    = 251658240                              {pd product} {ergonomic}
     bool SegmentedCodeCache                       = true                                      {product} {ergonomic}
     bool ShowCodeDetailsInExceptionMessages       = true                                   {manageable} {command line}
   size_t SoftMaxHeapSize                          = 2111832064                             {manageable} {ergonomic}
     bool UseCompressedClassPointers               = true                                 {lp64_product} {ergonomic}
     bool UseCompressedOops                        = true                                 {lp64_product} {ergonomic}
     bool UseG1GC                                  = true                                      {product} {ergonomic}
     bool UseLargePagesIndividualAllocation        = false                                  {pd product} {ergonomic}

Logging:
Log output configuration:
 #0: stdout all=warning uptime,level,tags
 #1: stderr all=off uptime,level,tags

Environment Variables:
JAVA_HOME=C:\Program Files\Java\jdk-15
PATH=C:/Users/zy360/.p2/pool/plugins/org.eclipse.justj.openjdk.hotspot.jre.full.win32.x86_64_15.0.1.v20201027-0507/jre/bin/server;C:/Users/zy360/.p2/pool/plugins/org.eclipse.justj.openjdk.hotspot.jre.full.win32.x86_64_15.0.1.v20201027-0507/jre/bin;C:\Program Files\Common Files\Oracle\Java\javapath;C:\Program Files\Java\jdk-15\bin;C:\Program Files (x86)\Common Files\Oracle\Java\javapath;C:\Program Files (x86)\Intel\iCLS Client\;C:\Program Files\Intel\iCLS Client\;C:\WINDOWS\system32;C:\WINDOWS;C:\WINDOWS\System32\Wbem;C:\WINDOWS\System32\WindowsPowerShell\v1.0\;C:\Program Files (x86)\Intel\Intel(R) Management Engine Components\DAL;C:\Program Files\Intel\Intel(R) Management Engine Components\DAL;C:\Program Files (x86)\Intel\Intel(R) Management Engine Components\IPT;C:\Program Files\Intel\Intel(R) Management Engine Components\IPT;C:\WINDOWS\System32\OpenSSH\;C:\Program Files\Git\cmd;C:\Program Files\Intel\WiFi\bin\;C:\Program Files\Common Files\Intel\WirelessCommon\;C:\Program Files\Microsoft VS Code\bin;C:\MinGW\bin;C:\Program Files\MySQL\MySQL Shell 8.0\bin\;C:\Users\zy360\Anaconda3;C:\Users\zy360\Anaconda3\Library\mingw-w64\bin;C:\Users\zy360\Anaconda3\Library\usr\bin;C:\Users\zy360\Anaconda3\Library\bin;C:\Users\zy360\Anaconda3\Scripts;C:\Users\zy360\AppData\Local\Microsoft\WindowsApps;C:\Users\zy360\AppData\Local\Programs\Microsoft VS Code\bin;;C:\Users\zy360\Desktop;
USERNAME=sun
OS=Windows_NT
PROCESSOR_IDENTIFIER=Intel64 Family 6 Model 142 Stepping 10, GenuineIntel



---------------  S Y S T E M  ---------------

OS:
 Windows 10 , 64 bit Build 19041 (10.0.19041.804)
OS uptime: 0 days 13:10 hours

CPU: total 8 (initial active 8) (4 cores per cpu, 2 threads per core) family 6 model 142 stepping 10 microcode 0xe0, cmov, cx8, fxsr, mmx, sse, sse2, sse3, ssse3, sse4.1, sse4.2, popcnt, vzeroupper, avx, avx2, aes, clmul, erms, 3dnowpref, lzcnt, ht, tsc, tscinvbit, bmi1, bmi2, adx, fma, clflush, clflushopt

Memory: 4k page, system-wide physical 8048M (554M free)
TotalPageFile size 32624M (AvailPageFile size 80M)
current process WorkingSet (physical memory assigned to process): 10M, peak: 10M
current process commit charge ("private bytes"): 60M, peak: 186M

vm_info: OpenJDK 64-Bit Server VM (15.0.1+9-18) for windows-amd64 JRE (15.0.1+9-18), built on Sep 15 2020 14:39:31 by "mach5one" with unknown MS VC++:1925

END.
